<?xml version="1.0" encoding="UTF-8"?>
<testng-results skipped="0" failed="0" ignored="0" total="0" passed="0">
  <reporter-output>
  </reporter-output>
  <suite name="com.accenture.goep.ValidatePDP.AppTest" duration-ms="15" started-at="2018-05-11T10:00:51Z" finished-at="2018-05-11T10:00:51Z">
    <groups>
    </groups>
    <test name="Command line test" duration-ms="15" started-at="2018-05-11T10:00:51Z" finished-at="2018-05-11T10:00:51Z">
    </test> <!-- Command line test -->
  </suite> <!-- com.accenture.goep.ValidatePDP.AppTest -->
</testng-results>
